This is e-pTeX, Version 3.141592653-p4.0.0-220214-2.6 (utf8.sjis) (TeX Live 2022) (preloaded format=platex 2022.9.8)  2 FEB 2024 23:07
entering extended mode
 \write18 enabled.
 file:line:error style messages enabled.
 %&-line parsing enabled.
**c:/Users/user/Desktop/GraduationThesis2023/bv20052_GT2023
(c:/Users/user/Desktop/GraduationThesis2023/bv20052_GT2023.tex
pLaTeX2e <2021-11-15> (based on LaTeX2e <2022-06-01> patch level 5)
L3 programming layer <2022-08-30> (c:/texlive/2022/texmf-dist/tex/platex/base/jarticle.cls
Document Class: jarticle 2020/09/30 v1.8f Standard pLaTeX class
\c@@paper=\count184
(c:/texlive/2022/texmf-dist/tex/platex/base/jsize12.clo
File: jsize12.clo 2020/09/30 v1.8f Standard pLaTeX file (size option)
)
\c@part=\count185
\c@section=\count186
\c@subsection=\count187
\c@subsubsection=\count188
\c@paragraph=\count189
\c@subparagraph=\count190
\c@figure=\count191
\c@table=\count192
\abovecaptionskip=\skip47
\belowcaptionskip=\skip48
\symmincho=\mathgroup4
LaTeX Font Info:    Overwriting symbol font `mincho' in version `bold'
(Font)                  JY1/mc/m/n --> JY1/gt/m/n on input line 615.
\toclineskip=\dimen154
\@lnumwidth=\dimen155
\bibindent=\dimen156
\heisei=\count193
) (c:/texlive/2022/texmf-dist/tex/latex/amsmath/amsmath.sty
Package: amsmath 2022/04/08 v2.17n AMS math features
\@mathmargin=\skip49

For additional information on amsmath, use the `?' option.
(c:/texlive/2022/texmf-dist/tex/latex/amsmath/amstext.sty
Package: amstext 2021/08/26 v2.01 AMS text
 (c:/texlive/2022/texmf-dist/tex/latex/amsmath/amsgen.sty
File: amsgen.sty 1999/11/30 v2.0 generic functions
\@emptytoks=\toks17
\ex@=\dimen157
)) (c:/texlive/2022/texmf-dist/tex/latex/amsmath/amsbsy.sty
Package: amsbsy 1999/11/29 v1.2d Bold Symbols
\pmbraise@=\dimen158
) (c:/texlive/2022/texmf-dist/tex/latex/amsmath/amsopn.sty
Package: amsopn 2022/04/08 v2.04 operator names
)
\inf@bad=\count194
LaTeX Info: Redefining \frac on input line 234.
\uproot@=\count195
\leftroot@=\count196
LaTeX Info: Redefining \overline on input line 399.
LaTeX Info: Redefining \colon on input line 410.
\classnum@=\count197
\DOTSCASE@=\count198
LaTeX Info: Redefining \ldots on input line 496.
LaTeX Info: Redefining \dots on input line 499.
LaTeX Info: Redefining \cdots on input line 620.
\Mathstrutbox@=\box68
\strutbox@=\box69
LaTeX Info: Redefining \big on input line 722.
LaTeX Info: Redefining \Big on input line 723.
LaTeX Info: Redefining \bigg on input line 724.
LaTeX Info: Redefining \Bigg on input line 725.
\big@size=\dimen159
LaTeX Font Info:    Redeclaring font encoding OML on input line 743.
LaTeX Font Info:    Redeclaring font encoding OMS on input line 744.
\macc@depth=\count199
LaTeX Info: Redefining \bmod on input line 905.
LaTeX Info: Redefining \pmod on input line 910.
LaTeX Info: Redefining \smash on input line 940.
LaTeX Info: Redefining \relbar on input line 970.
LaTeX Info: Redefining \Relbar on input line 971.
\c@MaxMatrixCols=\count266
\dotsspace@=\muskip16
\c@parentequation=\count267
\dspbrk@lvl=\count268
\tag@help=\toks18
\row@=\count269
\column@=\count270
\maxfields@=\count271
\andhelp@=\toks19
\eqnshift@=\dimen160
\alignsep@=\dimen161
\tagshift@=\dimen162
\tagwidth@=\dimen163
\totwidth@=\dimen164
\lineht@=\dimen165
\@envbody=\toks20
\multlinegap=\skip50
\multlinetaggap=\skip51
\mathdisplay@stack=\toks21
LaTeX Info: Redefining \[ on input line 2953.
LaTeX Info: Redefining \] on input line 2954.
) (c:/texlive/2022/texmf-dist/tex/latex/amsfonts/amssymb.sty
Package: amssymb 2013/01/14 v3.01 AMS font symbols
 (c:/texlive/2022/texmf-dist/tex/latex/amsfonts/amsfonts.sty
Package: amsfonts 2013/01/14 v3.01 Basic AMSFonts support
\symAMSa=\mathgroup5
\symAMSb=\mathgroup6
LaTeX Font Info:    Redeclaring math symbol \hbar on input line 98.
LaTeX Font Info:    Overwriting math alphabet `\mathfrak' in version `bold'
(Font)                  U/euf/m/n --> U/euf/b/n on input line 106.
)) (c:/texlive/2022/texmf-dist/tex/latex/graphics/graphicx.sty
Package: graphicx 2021/09/16 v1.2d Enhanced LaTeX Graphics (DPC,SPQR)
 (c:/texlive/2022/texmf-dist/tex/latex/graphics/keyval.sty
Package: keyval 2022/05/29 v1.15 key=value parser (DPC)
\KV@toks@=\toks22
) (c:/texlive/2022/texmf-dist/tex/latex/graphics/graphics.sty
Package: graphics 2022/03/10 v1.4e Standard LaTeX Graphics (DPC,SPQR)
 (c:/texlive/2022/texmf-dist/tex/latex/graphics/trig.sty
Package: trig 2021/08/11 v1.11 sin cos tan (DPC)
) (c:/texlive/2022/texmf-dist/tex/latex/graphics-cfg/graphics.cfg
File: graphics.cfg 2016/06/04 v1.11 sample graphics configuration
)
Package graphics Info: Driver file: dvipdfmx.def on input line 107.
 (c:/texlive/2022/texmf-dist/tex/latex/graphics-def/dvipdfmx.def
File: dvipdfmx.def 2022/04/16 v5.0l Graphics/color driver for dvipdfmx
))
\Gin@req@height=\dimen166
\Gin@req@width=\dimen167
) (c:/texlive/2022/texmf-dist/tex/latex/url/url.sty
\Urlmuskip=\muskip17
Package: url 2013/09/16  ver 3.4  Verb mode for urls, etc.
) (c:/texlive/2022/texmf-dist/tex/latex/here/here.sty) (c:/texlive/2022/texmf-dist/tex/latex/float/float.sty
Package: float 2001/11/08 v1.3d Float enhancements (AL)
\c@float@type=\count272
\float@exts=\toks23
\float@box=\box70
\@float@everytoks=\toks24
\@floatcapt=\box71
) (c:/texlive/2022/texmf-dist/tex/latex/amscls/amsthm.sty
Package: amsthm 2020/05/29 v2.20.6
\thm@style=\toks25
\thm@bodyfont=\toks26
\thm@headfont=\toks27
\thm@notefont=\toks28
\thm@headpunct=\toks29
\thm@preskip=\skip52
\thm@postskip=\skip53
\thm@headsep=\skip54
\dth@everypar=\toks30
)
\c@theorem=\count273
 (c:/texlive/2022/texmf-dist/tex/latex/l3backend/l3backend-dvips.def
File: l3backend-dvips.def 2022-08-30 L3 backend support: dvips
\l__pdf_internal_box=\box72
\g__pdf_backend_object_int=\count274
\l__pdf_backend_content_box=\box73
\l__pdf_backend_model_box=\box74
\g__pdf_backend_annotation_int=\count275
\g__pdf_backend_link_int=\count276
\g__pdf_backend_link_sf_int=\count277
) (./bv20052_GT2023.aux

LaTeX Warning: Label `' multiply defined.

)
\openout1 = `bv20052_GT2023.aux'.

LaTeX Font Info:    Checking defaults for OML/cmm/m/it on input line 80.
LaTeX Font Info:    ... okay on input line 80.
LaTeX Font Info:    Checking defaults for OMS/cmsy/m/n on input line 80.
LaTeX Font Info:    ... okay on input line 80.
LaTeX Font Info:    Checking defaults for OT1/cmr/m/n on input line 80.
LaTeX Font Info:    ... okay on input line 80.
LaTeX Font Info:    Checking defaults for T1/cmr/m/n on input line 80.
LaTeX Font Info:    ... okay on input line 80.
LaTeX Font Info:    Checking defaults for TS1/cmr/m/n on input line 80.
LaTeX Font Info:    ... okay on input line 80.
LaTeX Font Info:    Checking defaults for OMX/cmex/m/n on input line 80.
LaTeX Font Info:    ... okay on input line 80.
LaTeX Font Info:    Checking defaults for U/cmr/m/n on input line 80.
LaTeX Font Info:    ... okay on input line 80.
LaTeX Font Info:    Checking defaults for JY1/mc/m/n on input line 80.
LaTeX Font Info:    ... okay on input line 80.
LaTeX Font Info:    Checking defaults for JT1/mc/m/n on input line 80.
LaTeX Font Info:    ... okay on input line 80.
LaTeX Font Info:    Font shape `JT1/mc/bx/n' in size <24.88> not available
(Font)              Font shape `JT1/gt/m/n' tried instead on input line 99.
LaTeX Font Info:    Font shape `JY1/mc/bx/n' in size <24.88> not available
(Font)              Font shape `JY1/gt/m/n' tried instead on input line 99.
LaTeX Font Info:    Font shape `JT1/mc/bx/n' in size <17.28> not available
(Font)              Font shape `JT1/gt/m/n' tried instead on input line 99.
LaTeX Font Info:    Font shape `JY1/mc/bx/n' in size <17.28> not available
(Font)              Font shape `JY1/gt/m/n' tried instead on input line 99.
File: faceImage.JPG Graphic file (type bmp)
<faceImage.JPG>
LaTeX Font Info:    Trying to load font information for U+msa on input line 105.
 (c:/texlive/2022/texmf-dist/tex/latex/amsfonts/umsa.fd
File: umsa.fd 2013/01/14 v3.01 AMS symbols A
)
LaTeX Font Info:    Trying to load font information for U+msb on input line 105.
 (c:/texlive/2022/texmf-dist/tex/latex/amsfonts/umsb.fd
File: umsb.fd 2013/01/14 v3.01 AMS symbols B
) [1

] (./bv20052_GT2023.toc
LaTeX Font Info:    Font shape `JT1/mc/bx/n' in size <12> not available
(Font)              Font shape `JT1/gt/m/n' tried instead on input line 1.
LaTeX Font Info:    Font shape `JY1/mc/bx/n' in size <12> not available
(Font)              Font shape `JY1/gt/m/n' tried instead on input line 1.
)
\tf@toc=\write3
\openout3 = `bv20052_GT2023.toc'.

 [1]
File: CoSysInS2.pdf Graphic file (type pdf)
<CoSysInS2.pdf>
 [2]
LaTeX Font Info:    Font shape `JT1/mc/bx/n' in size <14.4> not available
(Font)              Font shape `JT1/gt/m/n' tried instead on input line 153.
LaTeX Font Info:    Font shape `JY1/mc/bx/n' in size <14.4> not available
(Font)              Font shape `JY1/gt/m/n' tried instead on input line 153.
 [3] [4] [5] [6] [7]
File: relativeTopology.pdf Graphic file (type pdf)
<relativeTopology.pdf>
 [8] [9]
File: coNeighborhoodBig.pdf Graphic file (type pdf)
<coNeighborhoodBig.pdf>
File: DrawnLocalCoSysBig.pdf Graphic file (type pdf)
<DrawnLocalCoSysBig.pdf>
 [10]
File: coordinateConversionBig.pdf Graphic file (type pdf)
<coordinateConversionBig.pdf>

Overfull \hbox (4.57874pt too wide) in paragraph at lines 703--704
 [][] 
 []

[11]
LaTeX Font Info:    Kanji font shape `JY1/mc/m/it' undefined
(Font)              No change on input line 734.

Overfull \hbox (42.78917pt too wide) detected at line 751
\OT1/cmr/m/n/12 (\OML/cmm/m/it/12 '[]\OT1/cmr/m/n/12 )[](\OML/cmm/m/it/12 x[]; []  ; []; []  ; x[]\OT1/cmr/m/n/12 ) = (\OML/cmm/m/it/12 x[]; []  ; []; []  ; x[]\OT1/cmr/m/n/12 )
 []


Overfull \hbox (52.12253pt too wide) detected at line 752
\OT1/cmr/m/n/12 (\OML/cmm/m/it/12 '[]\OT1/cmr/m/n/12 )[](\OML/cmm/m/it/12 x[]; []  ; []; []  ; x[]\OT1/cmr/m/n/12 ) = (\OML/cmm/m/it/12 x[]; []  ; \OMS/cmsy/m/n/12 ^^@[]\OML/cmm/m/it/12 ; []  ; x[]\OT1/cmr/m/n/12 )
 []

[12]
File: localCoSysOfS1_1.pdf Graphic file (type pdf)
<localCoSysOfS1_1.pdf>
File: localCoSysOfS1_2.pdf Graphic file (type pdf)
<localCoSysOfS1_2.pdf>
 [13]
LaTeX Font Info:    Kanji font shape `JY1/mc/m/it' undefined
(Font)              No change on input line 841.
 [14]
LaTeX Font Info:    Kanji font shape `JY1/mc/m/it' undefined
(Font)              No change on input line 945.
LaTeX Font Info:    Kanji font shape `JY1/mc/m/it' undefined
(Font)              No change on input line 971.
 [15]
LaTeX Font Info:    Kanji font shape `JY1/mc/m/it' undefined
(Font)              No change on input line 1027.
 [16] [17]
LaTeX Font Info:    Kanji font shape `JY1/mc/m/it' undefined
(Font)              No change on input line 1198.
 [18]
File: tangentVectorSpace_2.pdf Graphic file (type pdf)
<tangentVectorSpace_2.pdf>
LaTeX Font Info:    Kanji font shape `JY1/mc/m/it' undefined
(Font)              No change on input line 1267.
 [19]
LaTeX Font Info:    Kanji font shape `JY1/mc/m/it' undefined
(Font)              No change on input line 1330.

Overfull \hbox (51.01016pt too wide) in paragraph at lines 1330--1341
[]\JY1/mc/m/n/12 点 $\OML/cmm/m/it/12 p$ \JY1/mc/m/n/12 のまわりの局所座標系 $\OT1/cmr/m/n/12 (\OML/cmm/m/it/12 x[]; []  ; x[]\OT1/cmr/m/n/12 )$ \JY1/mc/m/n/12 を任意に固定する\OT1/cmr/m/n/12 . $[][]$ \JY1/mc/m/n/12 が $[] \OML/cmm/m/it/12 ; []  ; []$
 []

[20]
Overfull \hbox (11.69197pt too wide) in paragraph at lines 1356--1367
\JY1/mc/m/n/12 を得る\OT1/cmr/m/n/12 . \JY1/mc/m/n/12 右辺の $[]\OT1/cmr/m/n/12 (0)\OML/cmm/m/it/12 ; []  ; []\OT1/cmr/m/n/12 (0)$ \JY1/mc/m/n/12 を単なる実数と思うと\OT1/cmr/m/n/12 , $[][]$ \JY1/mc/m/n/12 が $[] \OML/cmm/m/it/12 ; []  ; []$
 []

File: cTofc.pdf Graphic file (type pdf)
<cTofc.pdf>
[21]
LaTeX Font Info:    Kanji font shape `JY1/mc/m/it' undefined
(Font)              No change on input line 1428.
 [22] [23]
LaTeX Font Info:    Kanji font shape `JY1/mc/m/it' undefined
(Font)              No change on input line 1545.
File: differential.pdf Graphic file (type pdf)
<differential.pdf>

Overfull \hbox (4.57874pt too wide) in paragraph at lines 1574--1575
 [][] 
 []

[24]
LaTeX Font Info:    Kanji font shape `JY1/mc/m/it' undefined
(Font)              No change on input line 1582.

Overfull \hbox (8.73358pt too wide) in paragraph at lines 1582--1598
\OT1/cmr/m/n/12 (\OML/cmm/m/it/12 x[]; []  ; x[]\OT1/cmr/m/n/12 )$, $(\OML/cmm/m/it/12 y[]; []  ; y[]\OT1/cmr/m/n/12 )$ \JY1/mc/m/n/12 をとり\OT1/cmr/m/n/12 , $\OML/cmm/m/it/12 T[]\OT1/cmr/m/n/12 (\OML/cmm/m/it/12 M\OT1/cmr/m/n/12 )$, $\OML/cmm/m/it/12 T[]\OT1/cmr/m/n/12 (\OML/cmm/m/it/12 N\OT1/cmr/m/n/12 )$ \JY1/mc/m/n/12 の中に基底 $[]$\OT1/cmr/m/n/12 ,
 []

[25]
LaTeX Font Info:    Kanji font shape `JY1/mc/m/it' undefined
(Font)              No change on input line 1650.
LaTeX Font Info:    Kanji font shape `JY1/mc/m/it' undefined
(Font)              No change on input line 1691.
 [26]
LaTeX Font Info:    Kanji font shape `JY1/mc/m/it' undefined
(Font)              No change on input line 1731.
 [27] [28]
File: projectionTheorem.pdf Graphic file (type pdf)
<projectionTheorem.pdf>

Overfull \hbox (4.57874pt too wide) in paragraph at lines 1837--1838
 [][] 
 []

LaTeX Font Info:    Kanji font shape `JY1/mc/m/it' undefined
(Font)              No change on input line 1843.
[29] [30]
Overfull \hbox (3.05736pt too wide) in paragraph at lines 1923--1936
\OT1/cmr/m/n/12 (\OML/cmm/m/it/12 x[]; []  ; x[]; \OT1/cmr/m/n/12 0\OML/cmm/m/it/12 ; []  ; \OT1/cmr/m/n/12 0)$ \JY1/mc/m/n/12 と同じである\OT1/cmr/m/n/12 . \JY1/mc/m/n/12 すなわち\OT1/cmr/m/n/12 , $\OML/cmm/m/it/12 p$ \JY1/mc/m/n/12 のまわりの局所座標系 $\OT1/cmr/m/n/12 (\OML/cmm/m/it/12 x[]; []  ; x[]\OT1/cmr/m/n/12 )$
 []


Overfull \hbox (38.31302pt too wide) in paragraph at lines 1923--1936
\JY1/mc/m/n/12 と $\OML/cmm/m/it/12 f\OT1/cmr/m/n/12 (\OML/cmm/m/it/12 p\OT1/cmr/m/n/12 )$ \JY1/mc/m/n/12 のまわりの局所座標系 $\OT1/cmr/m/n/12 (\OML/cmm/m/it/12 y[]; []  ; y[]\OT1/cmr/m/n/12 )$ \JY1/mc/m/n/12 をうまく選んで\OT1/cmr/m/n/12 , $\OML/cmm/m/it/12 f$ \JY1/mc/m/n/12 の局所座標表示 $\OT1/cmr/m/n/12 (\OML/cmm/m/it/12 y[]; []  ; y[]\OT1/cmr/m/n/12 ) \OMS/cmsy/m/n/12 7!
 []

File: subsetmapTheorem.pdf Graphic file (type pdf)
<subsetmapTheorem.pdf>

Overfull \hbox (4.57874pt too wide) in paragraph at lines 1948--1949
 [][] 
 []

[31]
LaTeX Font Info:    Kanji font shape `JY1/mc/m/it' undefined
(Font)              No change on input line 1954.

Overfull \hbox (68.39423pt too wide) in alignment at lines 1985--1990
 [][][] []
 []

[32]
Overfull \hbox (0.4439pt too wide) in paragraph at lines 2032--2035
[]$\OT1/cmr/m/n/12 0 \OMS/cmsy/m/n/12 ^^T \OML/cmm/m/it/12 l < n$ \JY1/mc/m/n/12 のとき\OT1/cmr/m/n/12 :$\OML/cmm/m/it/12 L$ \JY1/mc/m/n/12 の任意の点 $\OML/cmm/m/it/12 p$ \JY1/mc/m/n/12 に対し\OT1/cmr/m/n/12 , $\OML/cmm/m/it/12 p$ \JY1/mc/m/n/12 を含む $\OML/cmm/m/it/12 N$ \JY1/mc/m/n/12 の座標近傍 $\OT1/cmr/m/n/12 (\OML/cmm/m/it/12 U\OT1/cmr/m/n/12 ; \OML/cmm/m/it/12 x[]; []  ; x[]\OT1/cmr/m/n/12 )$
 []

File: CrSubmanifold.pdf Graphic file (type pdf)
<CrSubmanifold.pdf>
[33]
LaTeX Font Info:    Kanji font shape `JY1/mc/m/it' undefined
(Font)              No change on input line 2053.
 [34]
LaTeX Font Info:    Kanji font shape `JY1/mc/m/it' undefined
(Font)              No change on input line 2131.

Overfull \hbox (17.85605pt too wide) in paragraph at lines 2135--2138
[]$\OML/cmm/m/it/12 q \OMS/cmsy/m/n/12 2 \OML/cmm/m/it/12 N$ \JY1/mc/m/n/12 の逆像 $\OML/cmm/m/it/12 f[]\OT1/cmr/m/n/12 (\OML/cmm/m/it/12 q\OT1/cmr/m/n/12 )$ \JY1/mc/m/n/12 に属する任意の点 $\OML/cmm/m/it/12 p$ \JY1/mc/m/n/12 に対し\OT1/cmr/m/n/12 , $\OML/cmm/m/it/12 p$ \JY1/mc/m/n/12 のまわりの座標近傍 $\OT1/cmr/m/n/12 (\OML/cmm/m/it/12 U\OT1/cmr/m/n/12 ; \OML/cmm/m/it/12 x[]; []  :x[]\OT1/cmr/m/n/12 )$
 []


Overfull \hbox (11.35582pt too wide) in paragraph at lines 2151--2158
[]$\OT1/cmr/m/n/12 (\OML/cmm/m/it/12 U\OT1/cmr/m/n/12 ; \OML/cmm/m/it/12 x[]; [] x[]\OT1/cmr/m/n/12 )$ \JY1/mc/m/n/12 は任意にと っ てきた $\OT1/cmr/m/n/12 (\OML/cmm/m/it/12 V\OT1/cmr/m/n/12 ; \OML/cmm/m/it/12 y[]; []  ; y[]\OT1/cmr/m/n/12 )$ \JY1/mc/m/n/12 に応じて選べるから\OT1/cmr/m/n/12 , $(\OML/cmm/m/it/12 V\OT1/cmr/m/n/12 ; \OML/cmm/m/it/12 y[]; []  ; y[]\OT1/cmr/m/n/12 )$
 []

[35]
File: T2Noshadow.pdf Graphic file (type pdf)
<T2Noshadow.pdf>
 [36] [37] [38]
File: orthogonalKframe.pdf Graphic file (type pdf)
<orthogonalKframe.pdf>
 [39] [40] [41] [42] (./bv20052_GT2023.aux)

LaTeX Warning: There were multiply-defined labels.

 ) 
Here is how much of TeX's memory you used:
 2748 strings out of 475534
 41383 string characters out of 5794265
 397441 words of memory out of 5000000
 24317 multiletter control sequences out of 15000+600000
 491153 words of font info for 115 fonts, out of 8000000 for 9000
 929 hyphenation exceptions out of 8191
 55i,13n,62p,269b,443s stack positions out of 10000i,1000n,20000p,200000b,200000s

Output written on bv20052_GT2023.dvi (43 pages, 148492 bytes).
